\BOOKMARK [1][-]{section.1}{\376\377\000[\0000\0000\000:\0000\0000\000\040\000-\000\040\0000\0000\000:\0004\0005\000]\000\040\000I\000N\000T\000R\000O\000D\000U\000C\000T\000I\000O\000N}{}% 1
\BOOKMARK [2][-]{subsection.1.1}{\376\377\000S\000p\000e\000a\000k\000e\000r\000\040\000S\000c\000r\000i\000p\000t\000:}{section.1}% 2
\BOOKMARK [1][-]{section.2}{\376\377\000[\0000\0000\000:\0004\0005\000\040\000-\000\040\0000\0001\000:\0003\0000\000]\000\040\000P\000R\000O\000B\000L\000E\000M\000\040\000S\000T\000A\000T\000E\000M\000E\000N\000T}{}% 3
\BOOKMARK [2][-]{subsection.2.1}{\376\377\000S\000p\000e\000a\000k\000e\000r\000\040\000S\000c\000r\000i\000p\000t\000:}{section.2}% 4
\BOOKMARK [1][-]{section.3}{\376\377\000[\0000\0001\000:\0003\0000\000\040\000-\000\040\0000\0002\000:\0003\0000\000]\000\040\000D\000A\000T\000A\000S\000E\000T}{}% 5
\BOOKMARK [2][-]{subsection.3.1}{\376\377\000S\000p\000e\000a\000k\000e\000r\000\040\000S\000c\000r\000i\000p\000t\000:}{section.3}% 6
\BOOKMARK [1][-]{section.4}{\376\377\000[\0000\0002\000:\0003\0000\000\040\000-\000\040\0000\0004\000:\0000\0000\000]\000\040\000A\000P\000R\000I\000O\000R\000I\000\040\000A\000L\000G\000O\000R\000I\000T\000H\000M}{}% 7
\BOOKMARK [2][-]{subsection.4.1}{\376\377\000S\000p\000e\000a\000k\000e\000r\000\040\000S\000c\000r\000i\000p\000t\000:}{section.4}% 8
\BOOKMARK [1][-]{section.5}{\376\377\000[\0000\0004\000:\0000\0000\000\040\000-\000\040\0000\0005\000:\0003\0000\000]\000\040\000I\000M\000P\000L\000E\000M\000E\000N\000T\000A\000T\000I\000O\000N\000\040\000\046\000\040\000R\000E\000S\000U\000L\000T\000S}{}% 9
\BOOKMARK [2][-]{subsection.5.1}{\376\377\000S\000p\000e\000a\000k\000e\000r\000\040\000S\000c\000r\000i\000p\000t\000:}{section.5}% 10
\BOOKMARK [1][-]{section.6}{\376\377\000[\0000\0005\000:\0003\0000\000\040\000-\000\040\0000\0007\000:\0003\0000\000]\000\040\000I\000M\000P\000R\000O\000V\000E\000M\000E\000N\000T\000\040\000S\000T\000R\000A\000T\000E\000G\000I\000E\000S}{}% 11
\BOOKMARK [2][-]{subsection.6.1}{\376\377\000S\000p\000e\000a\000k\000e\000r\000\040\000S\000c\000r\000i\000p\000t\000:}{section.6}% 12
\BOOKMARK [1][-]{section.7}{\376\377\000[\0000\0007\000:\0003\0000\000\040\000-\000\040\0000\0008\000:\0003\0000\000]\000\040\000C\000O\000M\000P\000A\000R\000I\000S\000O\000N}{}% 13
\BOOKMARK [2][-]{subsection.7.1}{\376\377\000S\000p\000e\000a\000k\000e\000r\000\040\000S\000c\000r\000i\000p\000t\000:}{section.7}% 14
\BOOKMARK [1][-]{section.8}{\376\377\000[\0000\0008\000:\0003\0000\000\040\000-\000\040\0000\0009\000:\0003\0000\000]\000\040\000C\000O\000N\000C\000L\000U\000S\000I\000O\000N}{}% 15
\BOOKMARK [2][-]{subsection.8.1}{\376\377\000S\000p\000e\000a\000k\000e\000r\000\040\000S\000c\000r\000i\000p\000t\000:}{section.8}% 16
\BOOKMARK [1][-]{section.9}{\376\377\000[\0000\0009\000:\0003\0000\000\040\000-\000\040\0001\0000\000:\0000\0000\000]\000\040\000Q\000\046\000A}{}% 17
\BOOKMARK [2][-]{subsection.9.1}{\376\377\000S\000p\000e\000a\000k\000e\000r\000\040\000S\000c\000r\000i\000p\000t\000:}{section.9}% 18
\BOOKMARK [1][-]{section.10}{\376\377\000R\000E\000C\000O\000R\000D\000I\000N\000G\000\040\000T\000I\000P\000S}{}% 19
\BOOKMARK [2][-]{subsection.10.1}{\376\377\000B\000e\000f\000o\000r\000e\000\040\000R\000e\000c\000o\000r\000d\000i\000n\000g\000:}{section.10}% 20
\BOOKMARK [2][-]{subsection.10.2}{\376\377\000D\000u\000r\000i\000n\000g\000\040\000R\000e\000c\000o\000r\000d\000i\000n\000g\000:}{section.10}% 21
\BOOKMARK [2][-]{subsection.10.3}{\376\377\000T\000e\000c\000h\000n\000i\000c\000a\000l\000\040\000S\000e\000t\000u\000p\000:}{section.10}% 22
\BOOKMARK [2][-]{subsection.10.4}{\376\377\000P\000o\000s\000t\000-\000R\000e\000c\000o\000r\000d\000i\000n\000g\000:}{section.10}% 23
\BOOKMARK [1][-]{section.11}{\376\377\000C\000H\000E\000C\000K\000L\000I\000S\000T}{}% 24
