\BOOKMARK [0][-]{chapter.1}{\376\377\000G\000I\036\332\000I\000\040\000T\000H\000I\036\306\000U}{}% 1
\BOOKMARK [1][-]{section.1.1}{\376\377\001\020\036\267\000t\000\040\000V\036\245\000n\000\040\001\020\036\301}{chapter.1}% 2
\BOOKMARK [1][-]{section.1.2}{\376\377\000D\000a\000t\000a\000s\000e\000t\000:\000\040\000G\000r\000o\000c\000e\000r\000i\000e\000s}{chapter.1}% 3
\BOOKMARK [0][-]{chapter.2}{\376\377\000C\001\240\000\040\000S\036\336\000\040\000L\000\335\000\040\000T\000H\000U\000Y\036\276\000T\000\040\000V\000\300\000\040\000C\000\324\000N\000G\000\040\000N\000G\000H\036\306\000\040\000S\036\354\000\040\000D\036\344\000N\000G}{}% 4
\BOOKMARK [1][-]{section.2.1}{\376\377\000T\036\325\000n\000g\000\040\000Q\000u\000a\000n\000\040\000V\036\301\000\040\000A\000p\000r\000i\000o\000r\000i\000\040\000A\000l\000g\000o\000r\000i\000t\000h\000m}{chapter.2}% 5
\BOOKMARK [1][-]{section.2.2}{\376\377\000C\000\341\000c\000\040\000B\001\260\036\333\000c\000\040\000T\000h\000u\036\255\000t\000\040\000T\000o\000\341\000n}{chapter.2}% 6
\BOOKMARK [1][-]{section.2.3}{\376\377\000C\000\341\000c\000\040\000C\000h\036\311\000\040\000S\036\321\000\040\001\020\000\341\000n\000h\000\040\000G\000i\000\341}{chapter.2}% 7
\BOOKMARK [1][-]{section.2.4}{\376\377\000P\000i\000p\000e\000l\000i\000n\000e\000\040\000X\036\355\000\040\000L\000\375\000\040\000D\036\357\000\040\000L\000i\036\307\000u}{chapter.2}% 8
\BOOKMARK [1][-]{section.2.5}{\376\377\000L\036\361\000a\000\040\000C\000h\036\315\000n\000\040\000T\000h\000a\000m\000\040\000S\036\321}{chapter.2}% 9
\BOOKMARK [1][-]{section.2.6}{\376\377\000D\000a\000t\000a\000\040\000C\000l\000e\000a\000n\000i\000n\000g\000\040\000P\000r\000o\000c\000e\000s\000s}{chapter.2}% 10
\BOOKMARK [1][-]{section.2.7}{\376\377\000C\000\364\000n\000g\000\040\000N\000g\000h\036\307\000\040\000S\036\355\000\040\000D\036\345\000n\000g}{chapter.2}% 11
\BOOKMARK [0][-]{chapter.3}{\376\377\000H\000I\036\306\000N\000\040\000T\000H\036\360\000C\000\040\000V\000\300\000\040\000K\036\276\000T\000\040\000Q\000U\036\242}{}% 12
\BOOKMARK [1][-]{section.3.1}{\376\377\000F\000r\000e\000q\000u\000e\000n\000t\000\040\000I\000t\000e\000m\000s\000e\000t\000\040\000M\000i\000n\000i\000n\000g}{chapter.3}% 13
\BOOKMARK [1][-]{section.3.2}{\376\377\000T\000o\000p\000\040\000F\000r\000e\000q\000u\000e\000n\000t\000\040\000I\000t\000e\000m\000s}{chapter.3}% 14
\BOOKMARK [1][-]{section.3.3}{\376\377\000A\000s\000s\000o\000c\000i\000a\000t\000i\000o\000n\000\040\000R\000u\000l\000e\000s\000\040\001\020\001\260\036\343\000c\000\040\000P\000h\000\341\000t\000\040\000H\000i\036\307\000n}{chapter.3}% 15
\BOOKMARK [0][-]{chapter.4}{\376\377\000S\000O\000\040\000S\000\301\000N\000H\000\040\000H\000I\036\306\000U\000\040\000S\000U\036\244\000T}{}% 16
\BOOKMARK [1][-]{section.4.1}{\376\377\000S\000o\000\040\000S\000\341\000n\000h\000\040\000C\000\341\000c\000\040\000T\000h\000u\036\255\000t\000\040\000T\000o\000\342\000n}{chapter.4}% 17
\BOOKMARK [0][-]{chapter.5}{\376\377\000K\036\276\000T\000\040\000L\000U\036\254\000N}{}% 18
\BOOKMARK [1][-]{section.5.1}{\376\377\000K\036\277\000t\000\040\000Q\000u\036\243\000\040\001\020\036\241\000t\000\040\001\020\001\260\036\343\000c}{chapter.5}% 19
\BOOKMARK [1][-]{section.5.2}{\376\377\000H\036\241\000n\000\040\000C\000h\036\277\000\040\000C\036\347\000a\000\040\000A\000p\000r\000i\000o\000r\000i}{chapter.5}% 20
\BOOKMARK [1][-]{section.5.3}{\376\377\000C\000\341\000c\000\040\000C\000h\000i\036\277\000n\000\040\000L\001\260\036\343\000c\000\040\000C\036\243\000i\000\040\000T\000i\036\277\000n}{chapter.5}% 21
\BOOKMARK [2][-]{subsection.5.3.1}{\376\377\000H\000a\000s\000h\000-\000B\000a\000s\000e\000d\000\040\000T\000e\000c\000h\000n\000i\000q\000u\000e\000\040\000\050\000D\000H\000P\000\051}{section.5.3}% 22
\BOOKMARK [2][-]{subsection.5.3.2}{\376\377\000T\000r\000a\000n\000s\000a\000c\000t\000i\000o\000n\000\040\000R\000e\000d\000u\000c\000t\000i\000o\000n}{section.5.3}% 23
\BOOKMARK [2][-]{subsection.5.3.3}{\376\377\000P\000a\000r\000t\000i\000t\000i\000o\000n\000i\000n\000g}{section.5.3}% 24
\BOOKMARK [2][-]{subsection.5.3.4}{\376\377\000S\000a\000m\000p\000l\000i\000n\000g}{section.5.3}% 25
\BOOKMARK [2][-]{subsection.5.3.5}{\376\377\000D\000y\000n\000a\000m\000i\000c\000\040\000I\000t\000e\000m\000s\000e\000t\000\040\000C\000o\000u\000n\000t\000i\000n\000g\000\040\000\050\000D\000I\000C\000\051}{section.5.3}% 26
\BOOKMARK [2][-]{subsection.5.3.6}{\376\377\000V\000e\000r\000t\000i\000c\000a\000l\000\040\000F\000o\000r\000m\000a\000t\000\040\000\050\000E\000C\000L\000A\000T\000\051}{section.5.3}% 27
\BOOKMARK [1][-]{section.5.4}{\376\377\000K\000h\000u\000y\036\277\000n\000\040\000N\000g\000h\036\313\000\040\000S\036\355\000\040\000D\036\345\000n\000g}{chapter.5}% 28
\BOOKMARK [0][-]{chapter.6}{\376\377\000T\000\300\000I\000\040\000L\000I\036\306\000U\000\040\000T\000H\000A\000M\000\040\000K\000H\036\242\000O}{}% 29
